[0mCompiling "resources/public/js/compiled/app.js" from ["src/cljs"]...[0m
[32mSuccessfully compiled "resources/public/js/compiled/app.js" in 0.664 seconds.[0m
notifying browser that file changed:  resources/public/js/compiled/out/goog/deps.js
notifying browser that file changed:  resources/public/js/compiled/out/cljs_deps.js
notifying browser that file changed:  out/maze_evolution/views.js
[0mCompiling "resources/public/js/compiled/app.js" from ["src/cljs"]...[0m
[32mSuccessfully compiled "resources/public/js/compiled/app.js" in 0.648 seconds.[0m
notifying browser that file changed:  out/maze_evolution/views.js
[0mCompiling "resources/public/js/compiled/app.js" from ["src/cljs"]...[0m
[32mSuccessfully compiled "resources/public/js/compiled/app.js" in 0.729 seconds.[0m
notifying browser that file changed:  out/maze_evolution/views.js
[0mCompiling "resources/public/js/compiled/app.js" from ["src/cljs"]...[0m
[32mSuccessfully compiled "resources/public/js/compiled/app.js" in 0.494 seconds.[0m
notifying browser that file changed:  out/maze_evolution/views.js
[0mCompiling "resources/public/js/compiled/app.js" from ["src/cljs"]...[0m
[32mSuccessfully compiled "resources/public/js/compiled/app.js" in 0.852 seconds.[0m
notifying browser that file changed:  resources/public/js/compiled/out/goog/deps.js
notifying browser that file changed:  resources/public/js/compiled/out/cljs_deps.js
notifying browser that file changed:  out/maze_evolution/views.js
[0mCompiling "resources/public/js/compiled/app.js" from ["src/cljs"]...[0m
[32mSuccessfully compiled "resources/public/js/compiled/app.js" in 0.83 seconds.[0m
notifying browser that file changed:  resources/public/js/compiled/out/goog/deps.js
notifying browser that file changed:  resources/public/js/compiled/out/cljs_deps.js
notifying browser that file changed:  resources/public/js/compiled/out/maze_evolution/views.js
[0mCompiling "resources/public/js/compiled/app.js" from ["src/cljs"]...[0m
[32mSuccessfully compiled "resources/public/js/compiled/app.js" in 0.681 seconds.[0m
notifying browser that file changed:  resources/public/js/compiled/out/maze_evolution/views.js
[0mCompiling "resources/public/js/compiled/app.js" from ["src/cljs"]...[0m
[32mSuccessfully compiled "resources/public/js/compiled/app.js" in 0.71 seconds.[0m
notifying browser that file changed:  resources/public/js/compiled/out/cljs_deps.js
notifying browser that file changed:  resources/public/js/compiled/out/maze_evolution/views.js
[0mCompiling "resources/public/js/compiled/app.js" from ["src/cljs"]...[0m
[32mSuccessfully compiled "resources/public/js/compiled/app.js" in 0.695 seconds.[0m
notifying browser that file changed:  resources/public/js/compiled/out/maze_evolution/views.js
[0mCompiling "resources/public/js/compiled/app.js" from ["src/cljs"]...[0m
[32mSuccessfully compiled "resources/public/js/compiled/app.js" in 0.674 seconds.[0m
notifying browser that file changed:  resources/public/js/compiled/out/maze_evolution/views.js
[0mCompiling "resources/public/js/compiled/app.js" from ["src/cljs"]...[0m
[32mSuccessfully compiled "resources/public/js/compiled/app.js" in 0.723 seconds.[0m
notifying browser that file changed:  resources/public/js/compiled/out/maze_evolution/views.js
[0mCompiling "resources/public/js/compiled/app.js" from ["src/cljs"]...[0m
[32mSuccessfully compiled "resources/public/js/compiled/app.js" in 0.557 seconds.[0m
notifying browser that file changed:  resources/public/js/compiled/out/maze_evolution/views.js
[0mCompiling "resources/public/js/compiled/app.js" from ["src/cljs"]...[0m
[32mSuccessfully compiled "resources/public/js/compiled/app.js" in 0.599 seconds.[0m
notifying browser that file changed:  resources/public/js/compiled/out/maze_evolution/views.js
[0mCompiling "resources/public/js/compiled/app.js" from ["src/cljs"]...[0m
[32mSuccessfully compiled "resources/public/js/compiled/app.js" in 0.573 seconds.[0m
notifying browser that file changed:  resources/public/js/compiled/out/maze_evolution/views.js
[0mCompiling "resources/public/js/compiled/app.js" from ["src/cljs"]...[0m
[32mSuccessfully compiled "resources/public/js/compiled/app.js" in 0.472 seconds.[0m
notifying browser that file changed:  resources/public/js/compiled/out/maze_evolution/views.js
[0mCompiling "resources/public/js/compiled/app.js" from ["src/cljs"]...[0m
[32mSuccessfully compiled "resources/public/js/compiled/app.js" in 0.435 seconds.[0m
notifying browser that file changed:  resources/public/js/compiled/out/maze_evolution/views.js
[0mCompiling "resources/public/js/compiled/app.js" from ["src/cljs"]...[0m
[32mSuccessfully compiled "resources/public/js/compiled/app.js" in 0.491 seconds.[0m
notifying browser that file changed:  resources/public/js/compiled/out/maze_evolution/views.js
[0mCompiling "resources/public/js/compiled/app.js" from ["src/cljs"]...[0m
[32mSuccessfully compiled "resources/public/js/compiled/app.js" in 0.587 seconds.[0m
notifying browser that file changed:  resources/public/js/compiled/out/maze_evolution/views.js
[0mCompiling "resources/public/js/compiled/app.js" from ["src/cljs"]...[0m
[32mSuccessfully compiled "resources/public/js/compiled/app.js" in 0.496 seconds.[0m
notifying browser that file changed:  resources/public/js/compiled/out/maze_evolution/views.js
[0mCompiling "resources/public/js/compiled/app.js" from ["src/cljs"]...[0m
[32mSuccessfully compiled "resources/public/js/compiled/app.js" in 0.481 seconds.[0m
notifying browser that file changed:  resources/public/js/compiled/out/maze_evolution/views.js
[0mCompiling "resources/public/js/compiled/app.js" from ["src/cljs"]...[0m
[32mSuccessfully compiled "resources/public/js/compiled/app.js" in 0.52 seconds.[0m
notifying browser that file changed:  resources/public/js/compiled/out/maze_evolution/views.js
[0mCompiling "resources/public/js/compiled/app.js" from ["src/cljs"]...[0m
[32mSuccessfully compiled "resources/public/js/compiled/app.js" in 0.46 seconds.[0m
notifying browser that file changed:  resources/public/js/compiled/out/maze_evolution/views.js
[0mCompiling "resources/public/js/compiled/app.js" from ["src/cljs"]...[0m
[32mSuccessfully compiled "resources/public/js/compiled/app.js" in 0.438 seconds.[0m
notifying browser that file changed:  resources/public/js/compiled/out/maze_evolution/core.js
[0mCompiling "resources/public/js/compiled/app.js" from ["src/cljs"]...[0m
[32mSuccessfully compiled "resources/public/js/compiled/app.js" in 0.74 seconds.[0m
notifying browser that file changed:  resources/public/js/compiled/out/maze_evolution/core.js
[0mCompiling "resources/public/js/compiled/app.js" from ["src/cljs"]...[0m
[36m----  Compiler Warning on   src/cljs/maze_evolution/core.cljs   line:21  column:1  ----[0m

  [1mWrong number of args (1) passed to reagent.core/render[0m

  [36m17[0m  [36m   [:p.someclass [0m
  [36m18[0m  [36m    "I have " [:strong "bold"][0m
  [36m19[0m  [36m    [:span {:style {:color "red"}} " and red"][0m
  [36m20[0m  [36m    " text."]])[0m
  [33m21[0m  [1m(reagent/render [some-component]) [0m
  [0m  [0m  [33m^--- Wrong number of args (1) passed to reagent.core/render[0m
  [36m22[0m  [36m[0m
  [36m23[0m  [36m(defn mount-root [][0m
  [36m24[0m  [36m  (re-frame/clear-subscription-cache!)[0m
  [36m25[0m  [36m  (reagent/render [views/main-panel][0m
  [36m26[0m  [36m                  (.getElementById js/document "app")))[0m

[36m----  Compiler Warning : Please see src/cljs/maze_evolution/core.cljs  ----[0m
[32mSuccessfully compiled "resources/public/js/compiled/app.js" in 0.62 seconds.[0m
notifying browser that file changed:  resources/public/js/compiled/out/maze_evolution/core.js
Figwheel: Can't open  ("src/cljs/maze_evolution/core.cljs" 21 1) No :open-file-command supplied in the config.
Figwheel: Can't open  ("src/cljs/maze_evolution/core.cljs" 21 1) No :open-file-command supplied in the config.
Figwheel: Can't open  ("src/cljs/maze_evolution/core.cljs" 21 1) No :open-file-command supplied in the config.
Figwheel: Can't open  ("src/cljs/maze_evolution/core.cljs" 21 1) No :open-file-command supplied in the config.
[0mCompiling "resources/public/js/compiled/app.js" from ["src/cljs"]...[0m
[32mSuccessfully compiled "resources/public/js/compiled/app.js" in 0.509 seconds.[0m
notifying browser that file changed:  resources/public/js/compiled/out/maze_evolution/core.js
[0mCompiling "resources/public/js/compiled/app.js" from ["src/cljs"]...[0m
[32mSuccessfully compiled "resources/public/js/compiled/app.js" in 0.649 seconds.[0m
notifying browser that file changed:  resources/public/js/compiled/out/maze_evolution/core.js
[0mCompiling "resources/public/js/compiled/app.js" from ["src/cljs"]...[0m
[32mSuccessfully compiled "resources/public/js/compiled/app.js" in 0.513 seconds.[0m
notifying browser that file changed:  resources/public/js/compiled/out/maze_evolution/core.js
[0mCompiling "resources/public/js/compiled/app.js" from ["src/cljs"]...[0m
[32mSuccessfully compiled "resources/public/js/compiled/app.js" in 0.466 seconds.[0m
notifying browser that file changed:  resources/public/js/compiled/out/maze_evolution/core.js
[0mCompiling "resources/public/js/compiled/app.js" from ["src/cljs"]...[0m
[32mSuccessfully compiled "resources/public/js/compiled/app.js" in 0.591 seconds.[0m
notifying browser that file changed:  resources/public/js/compiled/out/maze_evolution/core.js
[0mCompiling "resources/public/js/compiled/app.js" from ["src/cljs"]...[0m
[32mSuccessfully compiled "resources/public/js/compiled/app.js" in 0.795 seconds.[0m
notifying browser that file changed:  resources/public/js/compiled/out/cljs_deps.js
notifying browser that file changed:  resources/public/js/compiled/out/maze_evolution/views.js
[0mCompiling "resources/public/js/compiled/app.js" from ["src/cljs"]...[0m
[32mSuccessfully compiled "resources/public/js/compiled/app.js" in 0.545 seconds.[0m
notifying browser that file changed:  resources/public/js/compiled/out/maze_evolution/views.js
[0mCompiling "resources/public/js/compiled/app.js" from ["src/cljs"]...[0m
[32mSuccessfully compiled "resources/public/js/compiled/app.js" in 0.458 seconds.[0m
notifying browser that file changed:  resources/public/js/compiled/out/maze_evolution/views.js
[0mCompiling "resources/public/js/compiled/app.js" from ["src/cljs"]...[0m
[32mSuccessfully compiled "resources/public/js/compiled/app.js" in 0.476 seconds.[0m
notifying browser that file changed:  resources/public/js/compiled/out/maze_evolution/views.js
[0mCompiling "resources/public/js/compiled/app.js" from ["src/cljs"]...[0m
[32mSuccessfully compiled "resources/public/js/compiled/app.js" in 0.687 seconds.[0m
notifying browser that file changed:  resources/public/js/compiled/out/maze_evolution/views.js
[0mCompiling "resources/public/js/compiled/app.js" from ["src/cljs"]...[0m
[32mSuccessfully compiled "resources/public/js/compiled/app.js" in 0.43 seconds.[0m
notifying browser that file changed:  resources/public/js/compiled/out/maze_evolution/views.js
[0mCompiling "resources/public/js/compiled/app.js" from ["src/cljs"]...[0m
[31mFailed to compile "resources/public/js/compiled/app.js" in 0.329 seconds.[0m
[36m----  Could not Read  src/cljs/maze_evolution/views.cljs   line:7 ----[0m

  [1m/home/tushaar/Projects/maze-evolution/src/cljs/maze_evolution/views.cljs [line 7, col 46] Invalid keyword: ::subs/name.[0m

  [36m6[0m  [36m(defn main-panel [][0m
  [33m7[0m  [1m  (let [name (re-frame/subscribe [::subs/name])][0m
  [0m [0m  [33m  /home/tushaar/Projects/maze-evolution/src/cljs/maze_evolution/views.cljs [line 7, col 46] Invalid keyword: ::subs/name.[0m
  [36m8[0m  [36m    [:h3 "lo, world!"]))[0m

[36m----  Reader Error : Please see src/cljs/maze_evolution/views.cljs  ----[0m
[0mCompiling "resources/public/js/compiled/app.js" from ["src/cljs"]...[0m
[32mSuccessfully compiled "resources/public/js/compiled/app.js" in 0.403 seconds.[0m
notifying browser that file changed:  resources/public/js/compiled/out/cljs_deps.js
notifying browser that file changed:  resources/public/js/compiled/out/maze_evolution/views.js
[0mCompiling "resources/public/js/compiled/app.js" from ["src/cljs"]...[0m
[32mSuccessfully compiled "resources/public/js/compiled/app.js" in 0.606 seconds.[0m
notifying browser that file changed:  resources/public/js/compiled/out/maze_evolution/views.js
[0mCompiling "resources/public/js/compiled/app.js" from ["src/cljs"]...[0m
[32mSuccessfully compiled "resources/public/js/compiled/app.js" in 0.75 seconds.[0m
notifying browser that file changed:  resources/public/js/compiled/out/goog/deps.js
notifying browser that file changed:  resources/public/js/compiled/out/cljs_deps.js
notifying browser that file changed:  resources/public/js/compiled/out/maze_evolution/views.js
[0mCompiling "resources/public/js/compiled/app.js" from ["src/cljs"]...[0m
[32mSuccessfully compiled "resources/public/js/compiled/app.js" in 0.597 seconds.[0m
notifying browser that file changed:  resources/public/js/compiled/out/maze_evolution/views.js
[0mCompiling "resources/public/js/compiled/app.js" from ["src/cljs"]...[0m
[36m----  Compiler Warning on   src/cljs/maze_evolution/core.cljs   line:18  column:1  ----[0m

  [1mWrong number of args (1) passed to reagent.core/render[0m

  [36m14[0m  [36m(defn mount-root [][0m
  [36m15[0m  [36m  (re-frame/clear-subscription-cache!)[0m
  [36m16[0m  [36m  (reagent/render [views/main-panel][0m
  [36m17[0m  [36m                  (.getElementById js/document "app")))[0m
  [33m18[0m  [1m(reagent/render [views/main-panel (.getElementByID js/document "app")])[0m
  [0m  [0m  [33m^--- Wrong number of args (1) passed to reagent.core/render[0m
  [36m19[0m  [36m[0m
  [36m20[0m  [36m(defn ^:export init [][0m
  [36m21[0m  [36m  (re-frame/dispatch-sync [::events/initialize-db])[0m
  [36m22[0m  [36m  (dev-setup)[0m
  [36m23[0m  [36m  (mount-root))[0m

[36m----  Compiler Warning : Please see src/cljs/maze_evolution/core.cljs  ----[0m
[32mSuccessfully compiled "resources/public/js/compiled/app.js" in 0.725 seconds.[0m
notifying browser that file changed:  resources/public/js/compiled/out/maze_evolution/core.js
Figwheel: Can't open  ("src/cljs/maze_evolution/core.cljs" 18 1) No :open-file-command supplied in the config.
[0mCompiling "resources/public/js/compiled/app.js" from ["src/cljs"]...[0m
[32mSuccessfully compiled "resources/public/js/compiled/app.js" in 0.565 seconds.[0m
notifying browser that file changed:  resources/public/js/compiled/out/maze_evolution/core.js
[0mCompiling "resources/public/js/compiled/app.js" from ["src/cljs"]...[0m
[32mSuccessfully compiled "resources/public/js/compiled/app.js" in 0.513 seconds.[0m
notifying browser that file changed:  resources/public/js/compiled/out/maze_evolution/core.js
[0mCompiling "resources/public/js/compiled/app.js" from ["src/cljs"]...[0m
[36m----  Compiler Warning on   src/cljs/maze_evolution/core.cljs   line:10  column:1  ----[0m

  [1mWrong number of args (1) passed to reagent.core/render[0m

  [36m 6[0m  [36m            [maze-evolution.config :as config]))[0m
  [36m 7[0m  [36m[0m
  [36m 8[0m  [36m(defn test-component [][0m
  [36m 9[0m  [36m  [:h3 "Hello!"])[0m
  [33m10[0m  [1m(reagent/render test-component)[0m
  [0m  [0m  [33m^--- Wrong number of args (1) passed to reagent.core/render[0m
  [36m11[0m  [36m[0m
  [36m12[0m  [36m(defn dev-setup [][0m
  [36m13[0m  [36m  (when config/debug?[0m
  [36m14[0m  [36m    (enable-console-print!)[0m
  [36m15[0m  [36m    (println "dev mode")))[0m

[36m----  Compiler Warning : Please see src/cljs/maze_evolution/core.cljs  ----[0m
[32mSuccessfully compiled "resources/public/js/compiled/app.js" in 0.519 seconds.[0m
notifying browser that file changed:  resources/public/js/compiled/out/maze_evolution/core.js
Figwheel: Can't open  ("src/cljs/maze_evolution/core.cljs" 10 1) No :open-file-command supplied in the config.
[0mCompiling "resources/public/js/compiled/app.js" from ["src/cljs"]...[0m
[32mSuccessfully compiled "resources/public/js/compiled/app.js" in 0.462 seconds.[0m
notifying browser that file changed:  resources/public/js/compiled/out/maze_evolution/core.js
[0mCompiling "resources/public/js/compiled/app.js" from ["src/cljs"]...[0m
[32mSuccessfully compiled "resources/public/js/compiled/app.js" in 0.438 seconds.[0m
notifying browser that file changed:  resources/public/js/compiled/out/maze_evolution/core.js
[0mCompiling "resources/public/js/compiled/app.js" from ["src/cljs"]...[0m
[32mSuccessfully compiled "resources/public/js/compiled/app.js" in 0.432 seconds.[0m
notifying browser that file changed:  resources/public/js/compiled/out/maze_evolution/core.js
[0mCompiling "resources/public/js/compiled/app.js" from ["src/cljs"]...[0m
[32mSuccessfully compiled "resources/public/js/compiled/app.js" in 0.522 seconds.[0m
notifying browser that file changed:  resources/public/js/compiled/out/maze_evolution/core.js
[0mCompiling "resources/public/js/compiled/app.js" from ["src/cljs"]...[0m
[32mSuccessfully compiled "resources/public/js/compiled/app.js" in 0.624 seconds.[0m
notifying browser that file changed:  resources/public/js/compiled/out/maze_evolution/core.js
[0mCompiling "resources/public/js/compiled/app.js" from ["src/cljs"]...[0m
[32mSuccessfully compiled "resources/public/js/compiled/app.js" in 0.442 seconds.[0m
notifying browser that file changed:  resources/public/js/compiled/out/maze_evolution/core.js
[0mCompiling "resources/public/js/compiled/app.js" from ["src/cljs"]...[0m
[32mSuccessfully compiled "resources/public/js/compiled/app.js" in 0.545 seconds.[0m
notifying browser that file changed:  resources/public/js/compiled/out/maze_evolution/views.js
[0mCompiling "resources/public/js/compiled/app.js" from ["src/cljs"]...[0m
[32mSuccessfully compiled "resources/public/js/compiled/app.js" in 0.57 seconds.[0m
notifying browser that file changed:  resources/public/js/compiled/out/maze_evolution/views.js
[0mCompiling "resources/public/js/compiled/app.js" from ["src/cljs"]...[0m
[31mFailed to compile "resources/public/js/compiled/app.js" in 0.331 seconds.[0m
[36m----  Could not Analyze  src/cljs/maze_evolution/core.cljs   line:18  column:3  ----[0m

  [1mclojure.lang.PersistentVector cannot be cast to clojure.lang.Named[0m

  [36m16[0m  [36m(defn mount-root [][0m
  [36m17[0m  [36m  (re-frame/clear-subscription-cache!)[0m
  [33m18[0m  [1m  (reagent/render #'[views/main-panel][0m
  [0m  [0m  [33m  ^--- clojure.lang.PersistentVector cannot be cast to clojure.lang.Named[0m
  [36m19[0m  [36m                  (.getElementById js/document "app")))[0m
  [36m20[0m  [36m[0m
  [36m21[0m  [36m(defn ^:export init [][0m

[36m----  Analysis Error : Please see src/cljs/maze_evolution/core.cljs  ----[0m
[0mCompiling "resources/public/js/compiled/app.js" from ["src/cljs"]...[0m
[32mSuccessfully compiled "resources/public/js/compiled/app.js" in 0.487 seconds.[0m
notifying browser that file changed:  resources/public/js/compiled/out/maze_evolution/core.js
[0mCompiling "resources/public/js/compiled/app.js" from ["src/cljs"]...[0m
[32mSuccessfully compiled "resources/public/js/compiled/app.js" in 0.673 seconds.[0m
notifying browser that file changed:  resources/public/js/compiled/out/maze_evolution/views.js
[0mCompiling "resources/public/js/compiled/app.js" from ["src/cljs"]...[0m
[32mSuccessfully compiled "resources/public/js/compiled/app.js" in 0.415 seconds.[0m
notifying browser that file changed:  resources/public/js/compiled/out/maze_evolution/views.js
[0mCompiling "resources/public/js/compiled/app.js" from ["src/cljs"]...[0m
[32mSuccessfully compiled "resources/public/js/compiled/app.js" in 0.537 seconds.[0m
notifying browser that file changed:  resources/public/js/compiled/out/maze_evolution/views.js
[0mCompiling "resources/public/js/compiled/app.js" from ["src/cljs"]...[0m
[32mSuccessfully compiled "resources/public/js/compiled/app.js" in 0.547 seconds.[0m
notifying browser that file changed:  resources/public/js/compiled/out/maze_evolution/views.js
[0mCompiling "resources/public/js/compiled/app.js" from ["src/cljs"]...[0m
[32mSuccessfully compiled "resources/public/js/compiled/app.js" in 0.576 seconds.[0m
notifying browser that file changed:  resources/public/js/compiled/out/maze_evolution/views.js
[0mCompiling "resources/public/js/compiled/app.js" from ["src/cljs"]...[0m
[32mSuccessfully compiled "resources/public/js/compiled/app.js" in 0.539 seconds.[0m
notifying browser that file changed:  resources/public/js/compiled/out/maze_evolution/core.js
[0mCompiling "resources/public/js/compiled/app.js" from ["src/cljs"]...[0m
[32mSuccessfully compiled "resources/public/js/compiled/app.js" in 0.404 seconds.[0m
notifying browser that file changed:  resources/public/js/compiled/out/maze_evolution/core.js
[0mCompiling "resources/public/js/compiled/app.js" from ["src/cljs"]...[0m
[32mSuccessfully compiled "resources/public/js/compiled/app.js" in 0.674 seconds.[0m
notifying browser that file changed:  resources/public/js/compiled/out/maze_evolution/core.js
[0mCompiling "resources/public/js/compiled/app.js" from ["src/cljs"]...[0m
[32mSuccessfully compiled "resources/public/js/compiled/app.js" in 0.446 seconds.[0m
notifying browser that file changed:  resources/public/js/compiled/out/maze_evolution/core.js
[0mCompiling "resources/public/js/compiled/app.js" from ["src/cljs"]...[0m
[32mSuccessfully compiled "resources/public/js/compiled/app.js" in 0.556 seconds.[0m
notifying browser that file changed:  resources/public/js/compiled/out/maze_evolution/core.js
[0mCompiling "resources/public/js/compiled/app.js" from ["src/cljs"]...[0m
[32mSuccessfully compiled "resources/public/js/compiled/app.js" in 0.522 seconds.[0m
notifying browser that file changed:  resources/public/js/compiled/out/maze_evolution/core.js
[0mCompiling "resources/public/js/compiled/app.js" from ["src/cljs"]...[0m
[32mSuccessfully compiled "resources/public/js/compiled/app.js" in 0.395 seconds.[0m
notifying browser that file changed:  resources/public/js/compiled/out/maze_evolution/core.js
[0mCompiling "resources/public/js/compiled/app.js" from ["src/cljs"]...[0m
[32mSuccessfully compiled "resources/public/js/compiled/app.js" in 0.506 seconds.[0m
notifying browser that file changed:  resources/public/js/compiled/out/maze_evolution/views.js
[0mCompiling "resources/public/js/compiled/app.js" from ["src/cljs"]...[0m
[32mSuccessfully compiled "resources/public/js/compiled/app.js" in 0.532 seconds.[0m
notifying browser that file changed:  resources/public/js/compiled/out/maze_evolution/views.js
[0mCompiling "resources/public/js/compiled/app.js" from ["src/cljs"]...[0m
[32mSuccessfully compiled "resources/public/js/compiled/app.js" in 0.485 seconds.[0m
notifying browser that file changed:  resources/public/js/compiled/out/maze_evolution/views.js
[0mCompiling "resources/public/js/compiled/app.js" from ["src/cljs"]...[0m
[32mSuccessfully compiled "resources/public/js/compiled/app.js" in 0.429 seconds.[0m
notifying browser that file changed:  resources/public/js/compiled/out/maze_evolution/core.js
[0mCompiling "resources/public/js/compiled/app.js" from ["src/cljs"]...[0m
[32mSuccessfully compiled "resources/public/js/compiled/app.js" in 0.512 seconds.[0m
notifying browser that file changed:  resources/public/js/compiled/out/maze_evolution/views.js
[0mCompiling "resources/public/js/compiled/app.js" from ["src/cljs"]...[0m
[32mSuccessfully compiled "resources/public/js/compiled/app.js" in 0.404 seconds.[0m
notifying browser that file changed:  resources/public/js/compiled/out/maze_evolution/views.js
[0mCompiling "resources/public/js/compiled/app.js" from ["src/cljs"]...[0m
[32mSuccessfully compiled "resources/public/js/compiled/app.js" in 0.42 seconds.[0m
notifying browser that file changed:  resources/public/js/compiled/out/maze_evolution/core.js
[0mCompiling "resources/public/js/compiled/app.js" from ["src/cljs"]...[0m
[32mSuccessfully compiled "resources/public/js/compiled/app.js" in 0.494 seconds.[0m
notifying browser that file changed:  resources/public/js/compiled/out/maze_evolution/core.js
[0mCompiling "resources/public/js/compiled/app.js" from ["src/cljs"]...[0m
[32mSuccessfully compiled "resources/public/js/compiled/app.js" in 0.538 seconds.[0m
notifying browser that file changed:  resources/public/js/compiled/out/maze_evolution/core.js
[0mCompiling "resources/public/js/compiled/app.js" from ["src/cljs"]...[0m
[32mSuccessfully compiled "resources/public/js/compiled/app.js" in 0.497 seconds.[0m
notifying browser that file changed:  resources/public/js/compiled/out/maze_evolution/core.js
[0mCompiling "resources/public/js/compiled/app.js" from ["src/cljs"]...[0m
[32mSuccessfully compiled "resources/public/js/compiled/app.js" in 0.506 seconds.[0m
notifying browser that file changed:  resources/public/js/compiled/out/maze_evolution/core.js
[0mCompiling "resources/public/js/compiled/app.js" from ["src/cljs"]...[0m
[32mSuccessfully compiled "resources/public/js/compiled/app.js" in 0.462 seconds.[0m
notifying browser that file changed:  resources/public/js/compiled/out/maze_evolution/views.js
[0mCompiling "resources/public/js/compiled/app.js" from ["src/cljs"]...[0m
[32mSuccessfully compiled "resources/public/js/compiled/app.js" in 0.709 seconds.[0m
notifying browser that file changed:  resources/public/js/compiled/out/maze_evolution/views.js
[0mCompiling "resources/public/js/compiled/app.js" from ["src/cljs"]...[0m
[32mSuccessfully compiled "resources/public/js/compiled/app.js" in 0.522 seconds.[0m
notifying browser that file changed:  resources/public/js/compiled/out/maze_evolution/views.js
[0mCompiling "resources/public/js/compiled/app.js" from ["src/cljs"]...[0m
[32mSuccessfully compiled "resources/public/js/compiled/app.js" in 0.92 seconds.[0m
notifying browser that file changed:  resources/public/js/compiled/out/goog/deps.js
notifying browser that file changed:  resources/public/js/compiled/out/cljs_deps.js
notifying browser that file changed:  resources/public/js/compiled/out/maze_evolution/views.js
[0mCompiling "resources/public/js/compiled/app.js" from ["src/cljs"]...[0m
[32mSuccessfully compiled "resources/public/js/compiled/app.js" in 0.768 seconds.[0m
notifying browser that file changed:  resources/public/js/compiled/out/maze_evolution/views.js
[0mCompiling "resources/public/js/compiled/app.js" from ["src/cljs"]...[0m
[32mSuccessfully compiled "resources/public/js/compiled/app.js" in 0.806 seconds.[0m
notifying browser that file changed:  resources/public/js/compiled/out/maze_evolution/views.js
[0mCompiling "resources/public/js/compiled/app.js" from ["src/cljs"]...[0m
[32mSuccessfully compiled "resources/public/js/compiled/app.js" in 0.732 seconds.[0m
notifying browser that file changed:  resources/public/js/compiled/out/maze_evolution/views.js
[0mCompiling "resources/public/js/compiled/app.js" from ["src/cljs"]...[0m
[32mSuccessfully compiled "resources/public/js/compiled/app.js" in 0.739 seconds.[0m
notifying browser that file changed:  resources/public/js/compiled/out/maze_evolution/views.js
[0mCompiling "resources/public/js/compiled/app.js" from ["src/cljs"]...[0m
[32mSuccessfully compiled "resources/public/js/compiled/app.js" in 0.704 seconds.[0m
notifying browser that file changed:  resources/public/js/compiled/out/maze_evolution/views.js
[0mCompiling "resources/public/js/compiled/app.js" from ["src/cljs"]...[0m
[32mSuccessfully compiled "resources/public/js/compiled/app.js" in 0.66 seconds.[0m
notifying browser that file changed:  resources/public/js/compiled/out/maze_evolution/core.js
[0mCompiling "resources/public/js/compiled/app.js" from ["src/cljs"]...[0m
[32mSuccessfully compiled "resources/public/js/compiled/app.js" in 0.644 seconds.[0m
notifying browser that file changed:  resources/public/js/compiled/out/maze_evolution/core.js
[0mCompiling "resources/public/js/compiled/app.js" from ["src/cljs"]...[0m
[32mSuccessfully compiled "resources/public/js/compiled/app.js" in 0.479 seconds.[0m
notifying browser that file changed:  resources/public/js/compiled/out/maze_evolution/core.js
[0mCompiling "resources/public/js/compiled/app.js" from ["src/cljs"]...[0m
[32mSuccessfully compiled "resources/public/js/compiled/app.js" in 0.595 seconds.[0m
notifying browser that file changed:  resources/public/js/compiled/out/maze_evolution/views.js
[0mCompiling "resources/public/js/compiled/app.js" from ["src/cljs"]...[0m
[32mSuccessfully compiled "resources/public/js/compiled/app.js" in 0.622 seconds.[0m
notifying browser that file changed:  resources/public/js/compiled/out/maze_evolution/views.js
[0mCompiling "resources/public/js/compiled/app.js" from ["src/cljs"]...[0m
[32mSuccessfully compiled "resources/public/js/compiled/app.js" in 0.544 seconds.[0m
notifying browser that file changed:  resources/public/js/compiled/out/maze_evolution/views.js
[0mCompiling "resources/public/js/compiled/app.js" from ["src/cljs"]...[0m
[32mSuccessfully compiled "resources/public/js/compiled/app.js" in 0.572 seconds.[0m
notifying browser that file changed:  resources/public/js/compiled/out/maze_evolution/views.js
[0mCompiling "resources/public/js/compiled/app.js" from ["src/cljs"]...[0m
[32mSuccessfully compiled "resources/public/js/compiled/app.js" in 0.524 seconds.[0m
notifying browser that file changed:  resources/public/js/compiled/out/maze_evolution/core.js
[0mCompiling "resources/public/js/compiled/app.js" from ["src/cljs"]...[0m
[32mSuccessfully compiled "resources/public/js/compiled/app.js" in 0.537 seconds.[0m
notifying browser that file changed:  resources/public/js/compiled/out/maze_evolution/core.js
[0mCompiling "resources/public/js/compiled/app.js" from ["src/cljs"]...[0m
[32mSuccessfully compiled "resources/public/js/compiled/app.js" in 0.611 seconds.[0m
notifying browser that file changed:  resources/public/js/compiled/out/maze_evolution/core.js
[0mCompiling "resources/public/js/compiled/app.js" from ["src/cljs"]...[0m
[32mSuccessfully compiled "resources/public/js/compiled/app.js" in 0.566 seconds.[0m
notifying browser that file changed:  resources/public/js/compiled/out/maze_evolution/core.js
[0mCompiling "resources/public/js/compiled/app.js" from ["src/cljs"]...[0m
[32mSuccessfully compiled "resources/public/js/compiled/app.js" in 0.63 seconds.[0m
notifying browser that file changed:  resources/public/js/compiled/out/maze_evolution/core.js
[0mCompiling "resources/public/js/compiled/app.js" from ["src/cljs"]...[0m
[32mSuccessfully compiled "resources/public/js/compiled/app.js" in 0.559 seconds.[0m
notifying browser that file changed:  resources/public/js/compiled/out/maze_evolution/core.js
[0mCompiling "resources/public/js/compiled/app.js" from ["src/cljs"]...[0m
[32mSuccessfully compiled "resources/public/js/compiled/app.js" in 0.538 seconds.[0m
notifying browser that file changed:  resources/public/js/compiled/out/maze_evolution/core.js
[0mCompiling "resources/public/js/compiled/app.js" from ["src/cljs"]...[0m
[32mSuccessfully compiled "resources/public/js/compiled/app.js" in 0.61 seconds.[0m
notifying browser that file changed:  resources/public/js/compiled/out/maze_evolution/views.js
[0mCompiling "resources/public/js/compiled/app.js" from ["src/cljs"]...[0m
[32mSuccessfully compiled "resources/public/js/compiled/app.js" in 0.48 seconds.[0m
notifying browser that file changed:  resources/public/js/compiled/out/maze_evolution/core.js
[0mCompiling "resources/public/js/compiled/app.js" from ["src/cljs"]...[0m
[32mSuccessfully compiled "resources/public/js/compiled/app.js" in 0.503 seconds.[0m
notifying browser that file changed:  resources/public/js/compiled/out/maze_evolution/views.js
[0mCompiling "resources/public/js/compiled/app.js" from ["src/cljs"]...[0m
[32mSuccessfully compiled "resources/public/js/compiled/app.js" in 0.53 seconds.[0m
notifying browser that file changed:  resources/public/js/compiled/out/maze_evolution/views.js
[0mCompiling "resources/public/js/compiled/app.js" from ["src/cljs"]...[0m
[32mSuccessfully compiled "resources/public/js/compiled/app.js" in 0.602 seconds.[0m
notifying browser that file changed:  resources/public/js/compiled/out/maze_evolution/views.js
[0mCompiling "resources/public/js/compiled/app.js" from ["src/cljs"]...[0m
[32mSuccessfully compiled "resources/public/js/compiled/app.js" in 0.449 seconds.[0m
notifying browser that file changed:  resources/public/js/compiled/out/maze_evolution/views.js
[0mCompiling "resources/public/js/compiled/app.js" from ["src/cljs"]...[0m
[32mSuccessfully compiled "resources/public/js/compiled/app.js" in 0.483 seconds.[0m
notifying browser that file changed:  resources/public/js/compiled/out/maze_evolution/core.js
[0mCompiling "resources/public/js/compiled/app.js" from ["src/cljs"]...[0m
[32mSuccessfully compiled "resources/public/js/compiled/app.js" in 0.505 seconds.[0m
notifying browser that file changed:  resources/public/js/compiled/out/maze_evolution/views.js
[0mCompiling "resources/public/js/compiled/app.js" from ["src/cljs"]...[0m
[32mSuccessfully compiled "resources/public/js/compiled/app.js" in 0.443 seconds.[0m
notifying browser that file changed:  resources/public/js/compiled/out/maze_evolution/views.js
[0mCompiling "resources/public/js/compiled/app.js" from ["src/cljs"]...[0m
[32mSuccessfully compiled "resources/public/js/compiled/app.js" in 0.408 seconds.[0m
notifying browser that file changed:  resources/public/js/compiled/out/maze_evolution/core.js
[0mCompiling "resources/public/js/compiled/app.js" from ["src/cljs"]...[0m
[32mSuccessfully compiled "resources/public/js/compiled/app.js" in 0.408 seconds.[0m
notifying browser that file changed:  resources/public/js/compiled/out/maze_evolution/core.js
[0mCompiling "resources/public/js/compiled/app.js" from ["src/cljs"]...[0m
[32mSuccessfully compiled "resources/public/js/compiled/app.js" in 0.531 seconds.[0m
notifying browser that file changed:  resources/public/js/compiled/out/maze_evolution/views.js
[0mCompiling "resources/public/js/compiled/app.js" from ["src/cljs"]...[0m
[32mSuccessfully compiled "resources/public/js/compiled/app.js" in 0.494 seconds.[0m
notifying browser that file changed:  resources/public/js/compiled/out/maze_evolution/views.js
[0mCompiling "resources/public/js/compiled/app.js" from ["src/cljs"]...[0m
[32mSuccessfully compiled "resources/public/js/compiled/app.js" in 0.991 seconds.[0m
notifying browser that file changed:  resources/public/js/compiled/out/goog/deps.js
notifying browser that file changed:  resources/public/js/compiled/out/cljs_deps.js
notifying browser that file changed:  resources/public/js/compiled/out/maze_evolution/views.js
[0mCompiling "resources/public/js/compiled/app.js" from ["src/cljs"]...[0m
[32mSuccessfully compiled "resources/public/js/compiled/app.js" in 0.692 seconds.[0m
notifying browser that file changed:  resources/public/js/compiled/out/maze_evolution/core.js
[0mCompiling "resources/public/js/compiled/app.js" from ["src/cljs"]...[0m
[32mSuccessfully compiled "resources/public/js/compiled/app.js" in 0.822 seconds.[0m
notifying browser that file changed:  resources/public/js/compiled/out/maze_evolution/views.js
[0mCompiling "resources/public/js/compiled/app.js" from ["src/cljs"]...[0m
[36m----  Compiler Warning on   src/cljs/maze_evolution/core.cljs   line:20  column:2  ----[0m

  [1mUse of undeclared Var maze-evolution.core/defone[0m

  [36m16[0m  [36m    (fn []        ;; inner, render function is returned[0m
  [36m17[0m  [36m      (js/setTimeout #(swap! seconds-elapsed inc) 1000)[0m
  [36m18[0m  [36m      [:div "Seconds ss: " @seconds-elapsed])))[0m
  [36m19[0m  [36m[0m
  [33m20[0m  [1m(defone ^:export init [][0m
  [0m  [0m  [33m ^--- Use of undeclared Var maze-evolution.core/defone[0m
  [36m21[0m  [36m  (re-frame/dispatch-sync [::events/initialize-db])[0m
  [36m22[0m  [36m  (reagent/render [#'views/timer-component][0m
  [36m23[0m  [36m                  (.getElementById js/document "app")))[0m

[36m----  Compiler Warning : Please see src/cljs/maze_evolution/core.cljs  ----[0m
[36m----  Compiler Warning on   src/cljs/maze_evolution/core.cljs   line:20  column:18  ----[0m

  [1mUse of undeclared Var maze-evolution.core/init[0m

  [36m16[0m  [36m    (fn []        ;; inner, render function is returned[0m
  [36m17[0m  [36m      (js/setTimeout #(swap! seconds-elapsed inc) 1000)[0m
  [36m18[0m  [36m      [:div "Seconds ss: " @seconds-elapsed])))[0m
  [36m19[0m  [36m[0m
  [33m20[0m  [1m(defone ^:export init [][0m
  [0m  [0m  [33m                 ^--- Use of undeclared Var maze-evolution.core/init[0m
  [36m21[0m  [36m  (re-frame/dispatch-sync [::events/initialize-db])[0m
  [36m22[0m  [36m  (reagent/render [#'views/timer-component][0m
  [36m23[0m  [36m                  (.getElementById js/document "app")))[0m

[36m----  Compiler Warning : Please see src/cljs/maze_evolution/core.cljs  ----[0m
[32mSuccessfully compiled "resources/public/js/compiled/app.js" in 0.696 seconds.[0m
notifying browser that file changed:  resources/public/js/compiled/out/maze_evolution/core.js
[0mCompiling "resources/public/js/compiled/app.js" from ["src/cljs"]...[0m
[32mSuccessfully compiled "resources/public/js/compiled/app.js" in 0.725 seconds.[0m
notifying browser that file changed:  resources/public/js/compiled/out/maze_evolution/core.js
[0mCompiling "resources/public/js/compiled/app.js" from ["src/cljs"]...[0m
[31mFailed to compile "resources/public/js/compiled/app.js" in 0.429 seconds.[0m
[36m----  Could not Analyze  src/cljs/maze_evolution/core.cljs   line:20  column:1  ----[0m

  [1mWrong number of args (4) passed to: core/defonce[0m

  [36m18[0m  [36m      [:div "Seconds ss: " @seconds-elapsed])))[0m
  [36m19[0m  [36m[0m
  [33m20[0m  [1m(defonce ^:export init [][0m
  [0m  [0m  [33m^--- Wrong number of args (4) passed to: core/defonce[0m
  [36m21[0m  [36m  (re-frame/dispatch-sync [::events/initialize-db])[0m
  [36m22[0m  [36m  (reagent/render [#'views/timer-component][0m
  [36m23[0m  [36m                  (.getElementById js/document "app")))[0m

[36m----  Analysis Error : Please see src/cljs/maze_evolution/core.cljs  ----[0m
[0mCompiling "resources/public/js/compiled/app.js" from ["src/cljs"]...[0m
[32mSuccessfully compiled "resources/public/js/compiled/app.js" in 0.692 seconds.[0m
notifying browser that file changed:  resources/public/js/compiled/out/maze_evolution/core.js
[0mCompiling "resources/public/js/compiled/app.js" from ["src/cljs"]...[0m
[32mSuccessfully compiled "resources/public/js/compiled/app.js" in 0.578 seconds.[0m
notifying browser that file changed:  resources/public/js/compiled/out/maze_evolution/core.js
[0mCompiling "resources/public/js/compiled/app.js" from ["src/cljs"]...[0m
[32mSuccessfully compiled "resources/public/js/compiled/app.js" in 0.724 seconds.[0m
notifying browser that file changed:  resources/public/js/compiled/out/maze_evolution/views.js
[0mCompiling "resources/public/js/compiled/app.js" from ["src/cljs"]...[0m
[32mSuccessfully compiled "resources/public/js/compiled/app.js" in 0.596 seconds.[0m
notifying browser that file changed:  resources/public/js/compiled/out/maze_evolution/views.js
[0mCompiling "resources/public/js/compiled/app.js" from ["src/cljs"]...[0m
[32mSuccessfully compiled "resources/public/js/compiled/app.js" in 0.527 seconds.[0m
notifying browser that file changed:  resources/public/js/compiled/out/maze_evolution/core.js
[0mCompiling "resources/public/js/compiled/app.js" from ["src/cljs"]...[0m
[32mSuccessfully compiled "resources/public/js/compiled/app.js" in 0.679 seconds.[0m
notifying browser that file changed:  resources/public/js/compiled/out/maze_evolution/views.js
[0mCompiling "resources/public/js/compiled/app.js" from ["src/cljs"]...[0m
[32mSuccessfully compiled "resources/public/js/compiled/app.js" in 0.536 seconds.[0m
notifying browser that file changed:  resources/public/js/compiled/out/maze_evolution/core.js
[0mCompiling "resources/public/js/compiled/app.js" from ["src/cljs"]...[0m
[32mSuccessfully compiled "resources/public/js/compiled/app.js" in 0.655 seconds.[0m
notifying browser that file changed:  resources/public/js/compiled/out/maze_evolution/views.js
[0mCompiling "resources/public/js/compiled/app.js" from ["src/cljs"]...[0m
[32mSuccessfully compiled "resources/public/js/compiled/app.js" in 0.489 seconds.[0m
notifying browser that file changed:  resources/public/js/compiled/out/maze_evolution/core.js
[0mCompiling "resources/public/js/compiled/app.js" from ["src/cljs"]...[0m
[32mSuccessfully compiled "resources/public/js/compiled/app.js" in 0.591 seconds.[0m
notifying browser that file changed:  resources/public/js/compiled/out/maze_evolution/views.js
[0mCompiling "resources/public/js/compiled/app.js" from ["src/cljs"]...[0m
[32mSuccessfully compiled "resources/public/js/compiled/app.js" in 1.018 seconds.[0m
notifying browser that file changed:  resources/public/js/compiled/out/goog/deps.js
notifying browser that file changed:  resources/public/js/compiled/out/cljs_deps.js
notifying browser that file changed:  resources/public/js/compiled/out/maze_evolution/views.js
[0mCompiling "resources/public/js/compiled/app.js" from ["src/cljs"]...[0m
[32mSuccessfully compiled "resources/public/js/compiled/app.js" in 0.705 seconds.[0m
notifying browser that file changed:  resources/public/js/compiled/out/maze_evolution/views.js
[0mCompiling "resources/public/js/compiled/app.js" from ["src/cljs"]...[0m
[32mSuccessfully compiled "resources/public/js/compiled/app.js" in 0.664 seconds.[0m
notifying browser that file changed:  resources/public/js/compiled/out/maze_evolution/views.js
[0mCompiling "resources/public/js/compiled/app.js" from ["src/cljs"]...[0m
[32mSuccessfully compiled "resources/public/js/compiled/app.js" in 0.634 seconds.[0m
notifying browser that file changed:  resources/public/js/compiled/out/maze_evolution/views.js
[0mCompiling "resources/public/js/compiled/app.js" from ["src/cljs"]...[0m
[32mSuccessfully compiled "resources/public/js/compiled/app.js" in 0.736 seconds.[0m
notifying browser that file changed:  resources/public/js/compiled/out/maze_evolution/views.js
[0mCompiling "resources/public/js/compiled/app.js" from ["src/cljs"]...[0m
[32mSuccessfully compiled "resources/public/js/compiled/app.js" in 0.705 seconds.[0m
notifying browser that file changed:  resources/public/js/compiled/out/maze_evolution/views.js
[0mCompiling "resources/public/js/compiled/app.js" from ["src/cljs"]...[0m
[32mSuccessfully compiled "resources/public/js/compiled/app.js" in 0.577 seconds.[0m
notifying browser that file changed:  resources/public/js/compiled/out/maze_evolution/views.js
[0mCompiling "resources/public/js/compiled/app.js" from ["src/cljs"]...[0m
[32mSuccessfully compiled "resources/public/js/compiled/app.js" in 0.591 seconds.[0m
notifying browser that file changed:  resources/public/js/compiled/out/maze_evolution/views.js
[0mCompiling "resources/public/js/compiled/app.js" from ["src/cljs"]...[0m
[32mSuccessfully compiled "resources/public/js/compiled/app.js" in 0.607 seconds.[0m
notifying browser that file changed:  resources/public/js/compiled/out/maze_evolution/views.js
[0mCompiling "resources/public/js/compiled/app.js" from ["src/cljs"]...[0m
[32mSuccessfully compiled "resources/public/js/compiled/app.js" in 0.559 seconds.[0m
notifying browser that file changed:  resources/public/js/compiled/out/maze_evolution/views.js
[0mCompiling "resources/public/js/compiled/app.js" from ["src/cljs"]...[0m
[32mSuccessfully compiled "resources/public/js/compiled/app.js" in 0.674 seconds.[0m
notifying browser that file changed:  resources/public/js/compiled/out/maze_evolution/views.js
[0mCompiling "resources/public/js/compiled/app.js" from ["src/cljs"]...[0m
[32mSuccessfully compiled "resources/public/js/compiled/app.js" in 0.6 seconds.[0m
notifying browser that file changed:  resources/public/js/compiled/out/maze_evolution/views.js
[0mCompiling "resources/public/js/compiled/app.js" from ["src/cljs"]...[0m
[32mSuccessfully compiled "resources/public/js/compiled/app.js" in 0.57 seconds.[0m
notifying browser that file changed:  resources/public/js/compiled/out/maze_evolution/views.js
[0mCompiling "resources/public/js/compiled/app.js" from ["src/cljs"]...[0m
[32mSuccessfully compiled "resources/public/js/compiled/app.js" in 0.546 seconds.[0m
notifying browser that file changed:  resources/public/js/compiled/out/maze_evolution/views.js
[0mCompiling "resources/public/js/compiled/app.js" from ["src/cljs"]...[0m
[32mSuccessfully compiled "resources/public/js/compiled/app.js" in 0.511 seconds.[0m
notifying browser that file changed:  resources/public/js/compiled/out/maze_evolution/views.js
[0mCompiling "resources/public/js/compiled/app.js" from ["src/cljs"]...[0m
[32mSuccessfully compiled "resources/public/js/compiled/app.js" in 0.481 seconds.[0m
notifying browser that file changed:  resources/public/js/compiled/out/maze_evolution/views.js
[0mCompiling "resources/public/js/compiled/app.js" from ["src/cljs"]...[0m
[32mSuccessfully compiled "resources/public/js/compiled/app.js" in 0.662 seconds.[0m
notifying browser that file changed:  resources/public/js/compiled/out/maze_evolution/core.js
[0mCompiling "resources/public/js/compiled/app.js" from ["src/cljs"]...[0m
[32mSuccessfully compiled "resources/public/js/compiled/app.js" in 0.719 seconds.[0m
notifying browser that file changed:  resources/public/js/compiled/out/maze_evolution/views.js
[0mCompiling "resources/public/js/compiled/app.js" from ["src/cljs"]...[0m
[32mSuccessfully compiled "resources/public/js/compiled/app.js" in 0.495 seconds.[0m
notifying browser that file changed:  resources/public/js/compiled/out/maze_evolution/core.js
[0mCompiling "resources/public/js/compiled/app.js" from ["src/cljs"]...[0m
[32mSuccessfully compiled "resources/public/js/compiled/app.js" in 0.596 seconds.[0m
notifying browser that file changed:  resources/public/js/compiled/out/maze_evolution/core.js
[0mCompiling "resources/public/js/compiled/app.js" from ["src/cljs"]...[0m
[36m----  Compiler Warning on   src/cljs/maze_evolution/views.cljs   line:7  column:4  ----[0m

  [1mUse of undeclared Var maze-evolution.views/div[0m

  [36m 3[0m  [36m            [re-frame.core :as re-frame][0m
  [36m 4[0m  [36m            ))[0m
  [36m 5[0m  [36m[0m
  [36m 6[0m  [36m(defn main-panel [][0m
  [33m 7[0m  [1m  [div[0m
  [0m  [0m  [33m   ^--- Use of undeclared Var maze-evolution.views/div[0m
  [36m 8[0m  [36m   []])[0m
  [36m 9[0m  [36m(defn timer-component [][0m
  [36m10[0m  [36m  (let [seconds-elapsed (reagent/atom 0)]     ;; setup, and local state[0m
  [36m11[0m  [36m    (fn []        ;; inner, render function is returned[0m
  [36m12[0m  [36m      (js/setTimeout #(swap! seconds-elapsed inc) 100)[0m

[36m----  Compiler Warning : Please see src/cljs/maze_evolution/views.cljs  ----[0m
[31mFailed to compile "resources/public/js/compiled/app.js" in 0.472 seconds.[0m
[36m----  Could not Analyze  src/cljs/maze_evolution/views.cljs   line:14  column:1  ----[0m

  [1mParameter declaration missing[0m

  [36m12[0m  [36m      (js/setTimeout #(swap! seconds-elapsed inc) 100)[0m
  [36m13[0m  [36m      [:div "Seconds elapsed: " @seconds-elapsed])))[0m
  [33m14[0m  [1m(defn circle)[0m
  [0m  [0m  [33m^--- Parameter declaration missing[0m

[36m----  Analysis Error : Please see src/cljs/maze_evolution/views.cljs  ----[0m
[0mCompiling "resources/public/js/compiled/app.js" from ["src/cljs"]...[0m
[36m----  Compiler Warning on   src/cljs/maze_evolution/views.cljs   line:7  column:4  ----[0m

  [1mUse of undeclared Var maze-evolution.views/div[0m

  [36m 3[0m  [36m            [re-frame.core :as re-frame][0m
  [36m 4[0m  [36m            ))[0m
  [36m 5[0m  [36m[0m
  [36m 6[0m  [36m(defn main-panel [][0m
  [33m 7[0m  [1m  [div[0m
  [0m  [0m  [33m   ^--- Use of undeclared Var maze-evolution.views/div[0m
  [36m 8[0m  [36m   []])[0m
  [36m 9[0m  [36m(defn timer-component [][0m
  [36m10[0m  [36m  (let [seconds-elapsed (reagent/atom 0)]     ;; setup, and local state[0m
  [36m11[0m  [36m    (fn []        ;; inner, render function is returned[0m
  [36m12[0m  [36m      (js/setTimeout #(swap! seconds-elapsed inc) 100)[0m

[36m----  Compiler Warning : Please see src/cljs/maze_evolution/views.cljs  ----[0m
[32mSuccessfully compiled "resources/public/js/compiled/app.js" in 0.595 seconds.[0m
notifying browser that file changed:  resources/public/js/compiled/out/maze_evolution/views.js
[0mCompiling "resources/public/js/compiled/app.js" from ["src/cljs"]...[0m
[32mSuccessfully compiled "resources/public/js/compiled/app.js" in 0.464 seconds.[0m
notifying browser that file changed:  resources/public/js/compiled/out/maze_evolution/views.js
[0mCompiling "resources/public/js/compiled/app.js" from ["src/cljs"]...[0m
[36m----  Compiler Warning on   src/cljs/maze_evolution/views.cljs   line:8  column:5  ----[0m

  [1mUse of undeclared Var maze-evolution.views/circle[0m

  [36m 4[0m  [36m            ))[0m
  [36m 5[0m  [36m[0m
  [36m 6[0m  [36m(defn main-panel [][0m
  [36m 7[0m  [36m  [:div[0m
  [33m 8[0m  [1m   [circle]])[0m
  [0m  [0m  [33m    ^--- Use of undeclared Var maze-evolution.views/circle[0m
  [36m 9[0m  [36m(defn timer-component [][0m
  [36m10[0m  [36m  (let [seconds-elapsed (reagent/atom 0)]     ;; setup, and local state[0m
  [36m11[0m  [36m    (fn []        ;; inner, render function is returned[0m
  [36m12[0m  [36m      (js/setTimeout #(swap! seconds-elapsed inc) 100)[0m
  [36m13[0m  [36m      [:div "Seconds elapsed: " @seconds-elapsed])))[0m

[36m----  Compiler Warning : Please see src/cljs/maze_evolution/views.cljs  ----[0m
[32mSuccessfully compiled "resources/public/js/compiled/app.js" in 0.553 seconds.[0m
notifying browser that file changed:  resources/public/js/compiled/out/maze_evolution/views.js
[0mCompiling "resources/public/js/compiled/app.js" from ["src/cljs"]...[0m
[32mSuccessfully compiled "resources/public/js/compiled/app.js" in 0.51 seconds.[0m
notifying browser that file changed:  resources/public/js/compiled/out/maze_evolution/views.js
[0mCompiling "resources/public/js/compiled/app.js" from ["src/cljs"]...[0m
[32mSuccessfully compiled "resources/public/js/compiled/app.js" in 0.525 seconds.[0m
notifying browser that file changed:  resources/public/js/compiled/out/maze_evolution/views.js
[0mCompiling "resources/public/js/compiled/app.js" from ["src/cljs"]...[0m
[32mSuccessfully compiled "resources/public/js/compiled/app.js" in 0.552 seconds.[0m
notifying browser that file changed:  resources/public/js/compiled/out/maze_evolution/views.js
[0mCompiling "resources/public/js/compiled/app.js" from ["src/cljs"]...[0m
[32mSuccessfully compiled "resources/public/js/compiled/app.js" in 0.455 seconds.[0m
notifying browser that file changed:  resources/public/js/compiled/out/maze_evolution/views.js
[0mCompiling "resources/public/js/compiled/app.js" from ["src/cljs"]...[0m
[32mSuccessfully compiled "resources/public/js/compiled/app.js" in 0.571 seconds.[0m
notifying browser that file changed:  resources/public/js/compiled/out/maze_evolution/views.js
[0mCompiling "resources/public/js/compiled/app.js" from ["src/cljs"]...[0m
[32mSuccessfully compiled "resources/public/js/compiled/app.js" in 0.474 seconds.[0m
notifying browser that file changed:  resources/public/js/compiled/out/maze_evolution/views.js
[0mCompiling "resources/public/js/compiled/app.js" from ["src/cljs"]...[0m
[32mSuccessfully compiled "resources/public/js/compiled/app.js" in 0.479 seconds.[0m
notifying browser that file changed:  resources/public/js/compiled/out/maze_evolution/views.js
[0mCompiling "resources/public/js/compiled/app.js" from ["src/cljs"]...[0m
[32mSuccessfully compiled "resources/public/js/compiled/app.js" in 0.512 seconds.[0m
notifying browser that file changed:  resources/public/js/compiled/out/maze_evolution/views.js
[0mCompiling "resources/public/js/compiled/app.js" from ["src/cljs"]...[0m
[32mSuccessfully compiled "resources/public/js/compiled/app.js" in 0.534 seconds.[0m
notifying browser that file changed:  resources/public/js/compiled/out/maze_evolution/views.js
[0mCompiling "resources/public/js/compiled/app.js" from ["src/cljs"]...[0m
[32mSuccessfully compiled "resources/public/js/compiled/app.js" in 0.512 seconds.[0m
notifying browser that file changed:  resources/public/js/compiled/out/maze_evolution/views.js
[0mCompiling "resources/public/js/compiled/app.js" from ["src/cljs"]...[0m
[32mSuccessfully compiled "resources/public/js/compiled/app.js" in 0.526 seconds.[0m
notifying browser that file changed:  resources/public/js/compiled/out/maze_evolution/views.js
[0mCompiling "resources/public/js/compiled/app.js" from ["src/cljs"]...[0m
[32mSuccessfully compiled "resources/public/js/compiled/app.js" in 0.633 seconds.[0m
notifying browser that file changed:  resources/public/js/compiled/out/maze_evolution/views.js
[0mCompiling "resources/public/js/compiled/app.js" from ["src/cljs"]...[0m
[32mSuccessfully compiled "resources/public/js/compiled/app.js" in 0.521 seconds.[0m
notifying browser that file changed:  resources/public/js/compiled/out/maze_evolution/views.js
[0mCompiling "resources/public/js/compiled/app.js" from ["src/cljs"]...[0m
[31mFailed to compile "resources/public/js/compiled/app.js" in 0.338 seconds.[0m
[36m----  Could not Read  src/cljs/maze_evolution/views.cljs   line:25 ----[0m

  [1m/home/tushaar/Projects/maze-evolution/src/cljs/maze_evolution/views.cljs [line 25, col 17] The map literal starting with x on line 25 column 14 contains 1 form(s). Map literals must contain an even number of forms.[0m

  [36m23[0m  [36m                     :dur "3s"[0m
  [36m24[0m  [36m                     :fill "freeze"}[0m
  [33m25[0m  [1m     [:mpath {x}]]]])[0m
  [0m  [0m  [33m     /home/tushaar/Projects/maze-evolution/src/cljs/maze_evolution/views.cljs [line 25, col 17] The map literal starting with x on line 25 column 14 contains 1 form(s). Map literals must contain an even number of forms.[0m
  [36m26[0m  [36m(defn main-panel [][0m
  [36m27[0m  [36m  [:div[0m
  [36m28[0m  [36m   [circle]])[0m

[36m----  Reader Error : Please see src/cljs/maze_evolution/views.cljs  ----[0m
[0mCompiling "resources/public/js/compiled/app.js" from ["src/cljs"]...[0m
[32mSuccessfully compiled "resources/public/js/compiled/app.js" in 0.544 seconds.[0m
notifying browser that file changed:  resources/public/js/compiled/out/maze_evolution/views.js
[0mCompiling "resources/public/js/compiled/app.js" from ["src/cljs"]...[0m
[32mSuccessfully compiled "resources/public/js/compiled/app.js" in 0.465 seconds.[0m
notifying browser that file changed:  resources/public/js/compiled/out/maze_evolution/views.js
[0mCompiling "resources/public/js/compiled/app.js" from ["src/cljs"]...[0m
[32mSuccessfully compiled "resources/public/js/compiled/app.js" in 0.518 seconds.[0m
notifying browser that file changed:  resources/public/js/compiled/out/maze_evolution/views.js
[0mCompiling "resources/public/js/compiled/app.js" from ["src/cljs"]...[0m
[32mSuccessfully compiled "resources/public/js/compiled/app.js" in 0.564 seconds.[0m
notifying browser that file changed:  resources/public/js/compiled/out/maze_evolution/views.js
[0mCompiling "resources/public/js/compiled/app.js" from ["src/cljs"]...[0m
[31mFailed to compile "resources/public/js/compiled/app.js" in 0.323 seconds.[0m
[36m----  Could not Read  src/cljs/maze_evolution/views.cljs   line:23 ----[0m

  [1m/home/tushaar/Projects/maze-evolution/src/cljs/maze_evolution/views.cljs [line 23, col 17] The map literal starting with x on line 23 column 14 contains 1 form(s). Map literals must contain an even number of forms.[0m

  [36m21[0m  [36m                     :dur "3s"[0m
  [36m22[0m  [36m                     :fill "freeze"}[0m
  [33m23[0m  [1m     [:mpath {x}]]]])[0m
  [0m  [0m  [33m     /home/tushaar/Projects/maze-evolution/src/cljs/maze_evolution/views.cljs [line 23, col 17] The map literal starting with x on line 23 column 14 contains 1 form(s). Map literals must contain an even number of forms.[0m
  [36m24[0m  [36m(defn main-panel [][0m
  [36m25[0m  [36m  [:div[0m
  [36m26[0m  [36m   [circle]])[0m

[36m----  Reader Error : Please see src/cljs/maze_evolution/views.cljs  ----[0m
[0mCompiling "resources/public/js/compiled/app.js" from ["src/cljs"]...[0m
[32mSuccessfully compiled "resources/public/js/compiled/app.js" in 0.549 seconds.[0m
notifying browser that file changed:  resources/public/js/compiled/out/maze_evolution/views.js
[0mCompiling "resources/public/js/compiled/app.js" from ["src/cljs"]...[0m
[32mSuccessfully compiled "resources/public/js/compiled/app.js" in 0.631 seconds.[0m
notifying browser that file changed:  resources/public/js/compiled/out/maze_evolution/views.js
[0mCompiling "resources/public/js/compiled/app.js" from ["src/cljs"]...[0m
[32mSuccessfully compiled "resources/public/js/compiled/app.js" in 0.499 seconds.[0m
notifying browser that file changed:  resources/public/js/compiled/out/maze_evolution/views.js
[0mCompiling "resources/public/js/compiled/app.js" from ["src/cljs"]...[0m
[32mSuccessfully compiled "resources/public/js/compiled/app.js" in 0.556 seconds.[0m
notifying browser that file changed:  resources/public/js/compiled/out/maze_evolution/views.js
